{
  "stats": {
    "suites": 1,
    "tests": 5,
    "passes": 3,
    "pending": 0,
    "failures": 2,
    "start": "2022-10-12T07:31:49.309Z",
    "end": "2022-10-12T07:32:13.631Z",
    "duration": 24322,
    "testsRegistered": 5,
    "passPercent": 60,
    "pendingPercent": 0,
    "other": 0,
    "hasOther": false,
    "skipped": 0,
    "hasSkipped": false
  },
  "results": [
    {
      "uuid": "2223696c-51b1-4893-854a-18b36d821454",
      "title": "",
      "fullFile": "cypress\\e2e\\Features\\webDriverUni_Alerts.feature",
      "file": "cypress\\e2e\\Features\\webDriverUni_Alerts.feature",
      "beforeHooks": [],
      "afterHooks": [],
      "tests": [],
      "suites": [
        {
          "uuid": "7c849f7a-cd8b-4f71-a648-df3a56f705ef",
          "title": "Propmt ans alerts handle",
          "fullFile": "",
          "file": "",
          "beforeHooks": [],
          "afterHooks": [],
          "tests": [
            {
              "title": "Handling simple javascript alert",
              "fullTitle": "Propmt ans alerts handle Handling simple javascript alert",
              "timedOut": null,
              "duration": 4846,
              "state": "passed",
              "speed": "fast",
              "pass": true,
              "fail": false,
              "pending": false,
              "context": null,
              "code": "var _a2, _b, _c, _d, _e;\nconst { remainingSteps, testCaseStartedId } = retrieveInternalSpecProperties();\n(0, registry_1.assignRegistry)(registry2);\nmessages.stack.push({\n  testCaseStarted: {\n    id: testCaseStartedId,\n    testCaseId,\n    attempt: attempt++,\n    timestamp: (0, messages_helpers_1.createTimestamp)()\n  }\n});\nwindow.testState = {\n  gherkinDocument,\n  pickles,\n  pickle\n};\nfor (const step of steps) {\n  if (step.hook) {\n    const hook = step.hook;\n    cy.then(() => {\n      delete window.testState.pickleStep;\n      Cypress.log({\n        name: \"step\",\n        displayName: hook.keyword,\n        message: \"\"\n      });\n      const start = (0, messages_helpers_1.createTimestamp)();\n      messages.stack.push({\n        testStepStarted: {\n          testStepId: hook.id,\n          testCaseStartedId,\n          timestamp: start\n        }\n      });\n      if (messages.enabled) {\n        cy.task(constants_1.TASK_TEST_STEP_STARTED, hook.id, { log: false });\n      }\n      return cy.wrap(start, { log: false });\n    }).then((start) => {\n      registry2.runHook(this, hook);\n      return cy.wrap(start, { log: false });\n    }).then((start) => {\n      const end = (0, messages_helpers_1.createTimestamp)();\n      messages.stack.push({\n        testStepFinished: {\n          testStepId: hook.id,\n          testCaseStartedId,\n          testStepResult: {\n            status: Status.Passed,\n            duration: (0, messages_helpers_1.duration)(start, end)\n          },\n          timestamp: end\n        }\n      });\n      remainingSteps.shift();\n    });\n  } else if (step.pickleStep) {\n    const pickleStep = step.pickleStep;\n    const text = (0, assertions_1.assertAndReturn)(pickleStep.text, \"Expected pickle step to have a text\");\n    const scenarioStep = (0, assertions_1.assertAndReturn)(astIdMap.get((0, assertions_1.assertAndReturn)((_a2 = pickleStep.astNodeIds) === null || _a2 === void 0 ? void 0 : _a2[0], \"Expected to find at least one astNodeId\")), `Expected to find scenario step associated with id = ${(_b = pickleStep.astNodeIds) === null || _b === void 0 ? void 0 : _b[0]}`);\n    cy.then(() => {\n      window.testState.pickleStep = step.pickleStep;\n      Cypress.log({\n        name: \"step\",\n        displayName: (0, assertions_1.assertAndReturn)(\"keyword\" in scenarioStep && scenarioStep.keyword, \"Expected to find a keyword in the scenario step\"),\n        message: text\n      });\n    });\n    const argument = ((_c = pickleStep.argument) === null || _c === void 0 ? void 0 : _c.dataTable) ? new data_table_1.default(pickleStep.argument.dataTable) : ((_e = (_d = pickleStep.argument) === null || _d === void 0 ? void 0 : _d.docString) === null || _e === void 0 ? void 0 : _e.content) ? pickleStep.argument.docString.content : void 0;\n    cy.then(() => {\n      internalProperties.currentStep = { pickleStep };\n      const start = (0, messages_helpers_1.createTimestamp)();\n      messages.stack.push({\n        testStepStarted: {\n          testStepId: pickleStep.id,\n          testCaseStartedId,\n          timestamp: start\n        }\n      });\n      if (messages.enabled) {\n        cy.task(constants_1.TASK_TEST_STEP_STARTED, pickleStep.id, { log: false });\n      }\n      return cy.wrap(start, { log: false });\n    }).then((start) => {\n      const ensureChain = (value) => Cypress.isCy(value) ? value : cy.wrap(value, { log: false });\n      try {\n        return ensureChain(registry2.runStepDefininition(this, text, argument)).then((result) => {\n          return {\n            start,\n            result\n          };\n        });\n      } catch (e) {\n        if (e instanceof registry_1.MissingDefinitionError) {\n          throw new Error(createMissingStepDefinitionMessage(context, pickleStep, context.registry.parameterTypeRegistry));\n        } else {\n          throw e;\n        }\n      }\n    }).then(({ start, result }) => {\n      var _a3, _b2, _c2;\n      const end = (0, messages_helpers_1.createTimestamp)();\n      if (result === \"pending\") {\n        messages.stack.push({\n          testStepFinished: {\n            testStepId: pickleStep.id,\n            testCaseStartedId,\n            testStepResult: {\n              status: Status.Pending,\n              duration: (0, messages_helpers_1.duration)(start, end)\n            },\n            timestamp: end\n          }\n        });\n        remainingSteps.shift();\n        for (const skippedStep of remainingSteps) {\n          const testStepId = (0, assertions_1.assertAndReturn)((_b2 = (_a3 = skippedStep.hook) === null || _a3 === void 0 ? void 0 : _a3.id) !== null && _b2 !== void 0 ? _b2 : (_c2 = skippedStep.pickleStep) === null || _c2 === void 0 ? void 0 : _c2.id, \"Expected a step to either be a hook or a pickleStep\");\n          messages.stack.push({\n            testStepStarted: {\n              testStepId,\n              testCaseStartedId,\n              timestamp: (0, messages_helpers_1.createTimestamp)()\n            }\n          });\n          messages.stack.push({\n            testStepFinished: {\n              testStepId,\n              testCaseStartedId,\n              testStepResult: {\n                status: Status.Skipped,\n                duration: {\n                  seconds: 0,\n                  nanos: 0\n                }\n              },\n              timestamp: (0, messages_helpers_1.createTimestamp)()\n            }\n          });\n        }\n        for (let i = 0, count = remainingSteps.length; i < count; i++) {\n          remainingSteps.pop();\n        }\n        this.skip();\n      } else {\n        messages.stack.push({\n          testStepFinished: {\n            testStepId: pickleStep.id,\n            testCaseStartedId,\n            testStepResult: {\n              status: Status.Passed,\n              duration: (0, messages_helpers_1.duration)(start, end)\n            },\n            timestamp: end\n          }\n        });\n        remainingSteps.shift();\n      }\n    });\n  }\n}",
              "err": {},
              "uuid": "3e1e1332-8973-422b-b17b-281f5d141abf",
              "parentUUID": "7c849f7a-cd8b-4f71-a648-df3a56f705ef",
              "isHook": false,
              "skipped": false
            },
            {
              "title": "Handle Modal popup",
              "fullTitle": "Propmt ans alerts handle Handle Modal popup",
              "timedOut": null,
              "duration": 4248,
              "state": "passed",
              "speed": "fast",
              "pass": true,
              "fail": false,
              "pending": false,
              "context": null,
              "code": "var _a2, _b, _c, _d, _e;\nconst { remainingSteps, testCaseStartedId } = retrieveInternalSpecProperties();\n(0, registry_1.assignRegistry)(registry2);\nmessages.stack.push({\n  testCaseStarted: {\n    id: testCaseStartedId,\n    testCaseId,\n    attempt: attempt++,\n    timestamp: (0, messages_helpers_1.createTimestamp)()\n  }\n});\nwindow.testState = {\n  gherkinDocument,\n  pickles,\n  pickle\n};\nfor (const step of steps) {\n  if (step.hook) {\n    const hook = step.hook;\n    cy.then(() => {\n      delete window.testState.pickleStep;\n      Cypress.log({\n        name: \"step\",\n        displayName: hook.keyword,\n        message: \"\"\n      });\n      const start = (0, messages_helpers_1.createTimestamp)();\n      messages.stack.push({\n        testStepStarted: {\n          testStepId: hook.id,\n          testCaseStartedId,\n          timestamp: start\n        }\n      });\n      if (messages.enabled) {\n        cy.task(constants_1.TASK_TEST_STEP_STARTED, hook.id, { log: false });\n      }\n      return cy.wrap(start, { log: false });\n    }).then((start) => {\n      registry2.runHook(this, hook);\n      return cy.wrap(start, { log: false });\n    }).then((start) => {\n      const end = (0, messages_helpers_1.createTimestamp)();\n      messages.stack.push({\n        testStepFinished: {\n          testStepId: hook.id,\n          testCaseStartedId,\n          testStepResult: {\n            status: Status.Passed,\n            duration: (0, messages_helpers_1.duration)(start, end)\n          },\n          timestamp: end\n        }\n      });\n      remainingSteps.shift();\n    });\n  } else if (step.pickleStep) {\n    const pickleStep = step.pickleStep;\n    const text = (0, assertions_1.assertAndReturn)(pickleStep.text, \"Expected pickle step to have a text\");\n    const scenarioStep = (0, assertions_1.assertAndReturn)(astIdMap.get((0, assertions_1.assertAndReturn)((_a2 = pickleStep.astNodeIds) === null || _a2 === void 0 ? void 0 : _a2[0], \"Expected to find at least one astNodeId\")), `Expected to find scenario step associated with id = ${(_b = pickleStep.astNodeIds) === null || _b === void 0 ? void 0 : _b[0]}`);\n    cy.then(() => {\n      window.testState.pickleStep = step.pickleStep;\n      Cypress.log({\n        name: \"step\",\n        displayName: (0, assertions_1.assertAndReturn)(\"keyword\" in scenarioStep && scenarioStep.keyword, \"Expected to find a keyword in the scenario step\"),\n        message: text\n      });\n    });\n    const argument = ((_c = pickleStep.argument) === null || _c === void 0 ? void 0 : _c.dataTable) ? new data_table_1.default(pickleStep.argument.dataTable) : ((_e = (_d = pickleStep.argument) === null || _d === void 0 ? void 0 : _d.docString) === null || _e === void 0 ? void 0 : _e.content) ? pickleStep.argument.docString.content : void 0;\n    cy.then(() => {\n      internalProperties.currentStep = { pickleStep };\n      const start = (0, messages_helpers_1.createTimestamp)();\n      messages.stack.push({\n        testStepStarted: {\n          testStepId: pickleStep.id,\n          testCaseStartedId,\n          timestamp: start\n        }\n      });\n      if (messages.enabled) {\n        cy.task(constants_1.TASK_TEST_STEP_STARTED, pickleStep.id, { log: false });\n      }\n      return cy.wrap(start, { log: false });\n    }).then((start) => {\n      const ensureChain = (value) => Cypress.isCy(value) ? value : cy.wrap(value, { log: false });\n      try {\n        return ensureChain(registry2.runStepDefininition(this, text, argument)).then((result) => {\n          return {\n            start,\n            result\n          };\n        });\n      } catch (e) {\n        if (e instanceof registry_1.MissingDefinitionError) {\n          throw new Error(createMissingStepDefinitionMessage(context, pickleStep, context.registry.parameterTypeRegistry));\n        } else {\n          throw e;\n        }\n      }\n    }).then(({ start, result }) => {\n      var _a3, _b2, _c2;\n      const end = (0, messages_helpers_1.createTimestamp)();\n      if (result === \"pending\") {\n        messages.stack.push({\n          testStepFinished: {\n            testStepId: pickleStep.id,\n            testCaseStartedId,\n            testStepResult: {\n              status: Status.Pending,\n              duration: (0, messages_helpers_1.duration)(start, end)\n            },\n            timestamp: end\n          }\n        });\n        remainingSteps.shift();\n        for (const skippedStep of remainingSteps) {\n          const testStepId = (0, assertions_1.assertAndReturn)((_b2 = (_a3 = skippedStep.hook) === null || _a3 === void 0 ? void 0 : _a3.id) !== null && _b2 !== void 0 ? _b2 : (_c2 = skippedStep.pickleStep) === null || _c2 === void 0 ? void 0 : _c2.id, \"Expected a step to either be a hook or a pickleStep\");\n          messages.stack.push({\n            testStepStarted: {\n              testStepId,\n              testCaseStartedId,\n              timestamp: (0, messages_helpers_1.createTimestamp)()\n            }\n          });\n          messages.stack.push({\n            testStepFinished: {\n              testStepId,\n              testCaseStartedId,\n              testStepResult: {\n                status: Status.Skipped,\n                duration: {\n                  seconds: 0,\n                  nanos: 0\n                }\n              },\n              timestamp: (0, messages_helpers_1.createTimestamp)()\n            }\n          });\n        }\n        for (let i = 0, count = remainingSteps.length; i < count; i++) {\n          remainingSteps.pop();\n        }\n        this.skip();\n      } else {\n        messages.stack.push({\n          testStepFinished: {\n            testStepId: pickleStep.id,\n            testCaseStartedId,\n            testStepResult: {\n              status: Status.Passed,\n              duration: (0, messages_helpers_1.duration)(start, end)\n            },\n            timestamp: end\n          }\n        });\n        remainingSteps.shift();\n      }\n    });\n  }\n}",
              "err": {},
              "uuid": "89584acd-d52f-472d-94cc-d43fb96c565d",
              "parentUUID": "7c849f7a-cd8b-4f71-a648-df3a56f705ef",
              "isHook": false,
              "skipped": false
            },
            {
              "title": "Handle Ajax loaded",
              "fullTitle": "Propmt ans alerts handle Handle Ajax loaded",
              "timedOut": null,
              "duration": 5768,
              "state": "passed",
              "speed": "medium",
              "pass": true,
              "fail": false,
              "pending": false,
              "context": null,
              "code": "var _a2, _b, _c, _d, _e;\nconst { remainingSteps, testCaseStartedId } = retrieveInternalSpecProperties();\n(0, registry_1.assignRegistry)(registry2);\nmessages.stack.push({\n  testCaseStarted: {\n    id: testCaseStartedId,\n    testCaseId,\n    attempt: attempt++,\n    timestamp: (0, messages_helpers_1.createTimestamp)()\n  }\n});\nwindow.testState = {\n  gherkinDocument,\n  pickles,\n  pickle\n};\nfor (const step of steps) {\n  if (step.hook) {\n    const hook = step.hook;\n    cy.then(() => {\n      delete window.testState.pickleStep;\n      Cypress.log({\n        name: \"step\",\n        displayName: hook.keyword,\n        message: \"\"\n      });\n      const start = (0, messages_helpers_1.createTimestamp)();\n      messages.stack.push({\n        testStepStarted: {\n          testStepId: hook.id,\n          testCaseStartedId,\n          timestamp: start\n        }\n      });\n      if (messages.enabled) {\n        cy.task(constants_1.TASK_TEST_STEP_STARTED, hook.id, { log: false });\n      }\n      return cy.wrap(start, { log: false });\n    }).then((start) => {\n      registry2.runHook(this, hook);\n      return cy.wrap(start, { log: false });\n    }).then((start) => {\n      const end = (0, messages_helpers_1.createTimestamp)();\n      messages.stack.push({\n        testStepFinished: {\n          testStepId: hook.id,\n          testCaseStartedId,\n          testStepResult: {\n            status: Status.Passed,\n            duration: (0, messages_helpers_1.duration)(start, end)\n          },\n          timestamp: end\n        }\n      });\n      remainingSteps.shift();\n    });\n  } else if (step.pickleStep) {\n    const pickleStep = step.pickleStep;\n    const text = (0, assertions_1.assertAndReturn)(pickleStep.text, \"Expected pickle step to have a text\");\n    const scenarioStep = (0, assertions_1.assertAndReturn)(astIdMap.get((0, assertions_1.assertAndReturn)((_a2 = pickleStep.astNodeIds) === null || _a2 === void 0 ? void 0 : _a2[0], \"Expected to find at least one astNodeId\")), `Expected to find scenario step associated with id = ${(_b = pickleStep.astNodeIds) === null || _b === void 0 ? void 0 : _b[0]}`);\n    cy.then(() => {\n      window.testState.pickleStep = step.pickleStep;\n      Cypress.log({\n        name: \"step\",\n        displayName: (0, assertions_1.assertAndReturn)(\"keyword\" in scenarioStep && scenarioStep.keyword, \"Expected to find a keyword in the scenario step\"),\n        message: text\n      });\n    });\n    const argument = ((_c = pickleStep.argument) === null || _c === void 0 ? void 0 : _c.dataTable) ? new data_table_1.default(pickleStep.argument.dataTable) : ((_e = (_d = pickleStep.argument) === null || _d === void 0 ? void 0 : _d.docString) === null || _e === void 0 ? void 0 : _e.content) ? pickleStep.argument.docString.content : void 0;\n    cy.then(() => {\n      internalProperties.currentStep = { pickleStep };\n      const start = (0, messages_helpers_1.createTimestamp)();\n      messages.stack.push({\n        testStepStarted: {\n          testStepId: pickleStep.id,\n          testCaseStartedId,\n          timestamp: start\n        }\n      });\n      if (messages.enabled) {\n        cy.task(constants_1.TASK_TEST_STEP_STARTED, pickleStep.id, { log: false });\n      }\n      return cy.wrap(start, { log: false });\n    }).then((start) => {\n      const ensureChain = (value) => Cypress.isCy(value) ? value : cy.wrap(value, { log: false });\n      try {\n        return ensureChain(registry2.runStepDefininition(this, text, argument)).then((result) => {\n          return {\n            start,\n            result\n          };\n        });\n      } catch (e) {\n        if (e instanceof registry_1.MissingDefinitionError) {\n          throw new Error(createMissingStepDefinitionMessage(context, pickleStep, context.registry.parameterTypeRegistry));\n        } else {\n          throw e;\n        }\n      }\n    }).then(({ start, result }) => {\n      var _a3, _b2, _c2;\n      const end = (0, messages_helpers_1.createTimestamp)();\n      if (result === \"pending\") {\n        messages.stack.push({\n          testStepFinished: {\n            testStepId: pickleStep.id,\n            testCaseStartedId,\n            testStepResult: {\n              status: Status.Pending,\n              duration: (0, messages_helpers_1.duration)(start, end)\n            },\n            timestamp: end\n          }\n        });\n        remainingSteps.shift();\n        for (const skippedStep of remainingSteps) {\n          const testStepId = (0, assertions_1.assertAndReturn)((_b2 = (_a3 = skippedStep.hook) === null || _a3 === void 0 ? void 0 : _a3.id) !== null && _b2 !== void 0 ? _b2 : (_c2 = skippedStep.pickleStep) === null || _c2 === void 0 ? void 0 : _c2.id, \"Expected a step to either be a hook or a pickleStep\");\n          messages.stack.push({\n            testStepStarted: {\n              testStepId,\n              testCaseStartedId,\n              timestamp: (0, messages_helpers_1.createTimestamp)()\n            }\n          });\n          messages.stack.push({\n            testStepFinished: {\n              testStepId,\n              testCaseStartedId,\n              testStepResult: {\n                status: Status.Skipped,\n                duration: {\n                  seconds: 0,\n                  nanos: 0\n                }\n              },\n              timestamp: (0, messages_helpers_1.createTimestamp)()\n            }\n          });\n        }\n        for (let i = 0, count = remainingSteps.length; i < count; i++) {\n          remainingSteps.pop();\n        }\n        this.skip();\n      } else {\n        messages.stack.push({\n          testStepFinished: {\n            testStepId: pickleStep.id,\n            testCaseStartedId,\n            testStepResult: {\n              status: Status.Passed,\n              duration: (0, messages_helpers_1.duration)(start, end)\n            },\n            timestamp: end\n          }\n        });\n        remainingSteps.shift();\n      }\n    });\n  }\n}",
              "err": {},
              "uuid": "8a7a7040-e2d0-453a-8b50-8dbc66baf4dd",
              "parentUUID": "7c849f7a-cd8b-4f71-a648-df3a56f705ef",
              "isHook": false,
              "skipped": false
            },
            {
              "title": "Handle javascript confirm box ok",
              "fullTitle": "Propmt ans alerts handle Handle javascript confirm box ok",
              "timedOut": null,
              "duration": 2494,
              "state": "failed",
              "speed": null,
              "pass": false,
              "fail": true,
              "pending": false,
              "context": "{\n  \"title\": \"cypress-mochawesome-reporter-screenshots\",\n  \"value\": [\n    [\n      {\n        \"title\": \"Failed screenshot\",\n        \"value\": \"\\\\webDriverUni_Alerts.feature\\\\Propmt ans alerts handle -- Handle javascript confirm box ok (failed).png\"\n      }\n    ]\n  ]\n}",
              "code": "var _a2, _b, _c, _d, _e;\nconst { remainingSteps, testCaseStartedId } = retrieveInternalSpecProperties();\n(0, registry_1.assignRegistry)(registry2);\nmessages.stack.push({\n  testCaseStarted: {\n    id: testCaseStartedId,\n    testCaseId,\n    attempt: attempt++,\n    timestamp: (0, messages_helpers_1.createTimestamp)()\n  }\n});\nwindow.testState = {\n  gherkinDocument,\n  pickles,\n  pickle\n};\nfor (const step of steps) {\n  if (step.hook) {\n    const hook = step.hook;\n    cy.then(() => {\n      delete window.testState.pickleStep;\n      Cypress.log({\n        name: \"step\",\n        displayName: hook.keyword,\n        message: \"\"\n      });\n      const start = (0, messages_helpers_1.createTimestamp)();\n      messages.stack.push({\n        testStepStarted: {\n          testStepId: hook.id,\n          testCaseStartedId,\n          timestamp: start\n        }\n      });\n      if (messages.enabled) {\n        cy.task(constants_1.TASK_TEST_STEP_STARTED, hook.id, { log: false });\n      }\n      return cy.wrap(start, { log: false });\n    }).then((start) => {\n      registry2.runHook(this, hook);\n      return cy.wrap(start, { log: false });\n    }).then((start) => {\n      const end = (0, messages_helpers_1.createTimestamp)();\n      messages.stack.push({\n        testStepFinished: {\n          testStepId: hook.id,\n          testCaseStartedId,\n          testStepResult: {\n            status: Status.Passed,\n            duration: (0, messages_helpers_1.duration)(start, end)\n          },\n          timestamp: end\n        }\n      });\n      remainingSteps.shift();\n    });\n  } else if (step.pickleStep) {\n    const pickleStep = step.pickleStep;\n    const text = (0, assertions_1.assertAndReturn)(pickleStep.text, \"Expected pickle step to have a text\");\n    const scenarioStep = (0, assertions_1.assertAndReturn)(astIdMap.get((0, assertions_1.assertAndReturn)((_a2 = pickleStep.astNodeIds) === null || _a2 === void 0 ? void 0 : _a2[0], \"Expected to find at least one astNodeId\")), `Expected to find scenario step associated with id = ${(_b = pickleStep.astNodeIds) === null || _b === void 0 ? void 0 : _b[0]}`);\n    cy.then(() => {\n      window.testState.pickleStep = step.pickleStep;\n      Cypress.log({\n        name: \"step\",\n        displayName: (0, assertions_1.assertAndReturn)(\"keyword\" in scenarioStep && scenarioStep.keyword, \"Expected to find a keyword in the scenario step\"),\n        message: text\n      });\n    });\n    const argument = ((_c = pickleStep.argument) === null || _c === void 0 ? void 0 : _c.dataTable) ? new data_table_1.default(pickleStep.argument.dataTable) : ((_e = (_d = pickleStep.argument) === null || _d === void 0 ? void 0 : _d.docString) === null || _e === void 0 ? void 0 : _e.content) ? pickleStep.argument.docString.content : void 0;\n    cy.then(() => {\n      internalProperties.currentStep = { pickleStep };\n      const start = (0, messages_helpers_1.createTimestamp)();\n      messages.stack.push({\n        testStepStarted: {\n          testStepId: pickleStep.id,\n          testCaseStartedId,\n          timestamp: start\n        }\n      });\n      if (messages.enabled) {\n        cy.task(constants_1.TASK_TEST_STEP_STARTED, pickleStep.id, { log: false });\n      }\n      return cy.wrap(start, { log: false });\n    }).then((start) => {\n      const ensureChain = (value) => Cypress.isCy(value) ? value : cy.wrap(value, { log: false });\n      try {\n        return ensureChain(registry2.runStepDefininition(this, text, argument)).then((result) => {\n          return {\n            start,\n            result\n          };\n        });\n      } catch (e) {\n        if (e instanceof registry_1.MissingDefinitionError) {\n          throw new Error(createMissingStepDefinitionMessage(context, pickleStep, context.registry.parameterTypeRegistry));\n        } else {\n          throw e;\n        }\n      }\n    }).then(({ start, result }) => {\n      var _a3, _b2, _c2;\n      const end = (0, messages_helpers_1.createTimestamp)();\n      if (result === \"pending\") {\n        messages.stack.push({\n          testStepFinished: {\n            testStepId: pickleStep.id,\n            testCaseStartedId,\n            testStepResult: {\n              status: Status.Pending,\n              duration: (0, messages_helpers_1.duration)(start, end)\n            },\n            timestamp: end\n          }\n        });\n        remainingSteps.shift();\n        for (const skippedStep of remainingSteps) {\n          const testStepId = (0, assertions_1.assertAndReturn)((_b2 = (_a3 = skippedStep.hook) === null || _a3 === void 0 ? void 0 : _a3.id) !== null && _b2 !== void 0 ? _b2 : (_c2 = skippedStep.pickleStep) === null || _c2 === void 0 ? void 0 : _c2.id, \"Expected a step to either be a hook or a pickleStep\");\n          messages.stack.push({\n            testStepStarted: {\n              testStepId,\n              testCaseStartedId,\n              timestamp: (0, messages_helpers_1.createTimestamp)()\n            }\n          });\n          messages.stack.push({\n            testStepFinished: {\n              testStepId,\n              testCaseStartedId,\n              testStepResult: {\n                status: Status.Skipped,\n                duration: {\n                  seconds: 0,\n                  nanos: 0\n                }\n              },\n              timestamp: (0, messages_helpers_1.createTimestamp)()\n            }\n          });\n        }\n        for (let i = 0, count = remainingSteps.length; i < count; i++) {\n          remainingSteps.pop();\n        }\n        this.skip();\n      } else {\n        messages.stack.push({\n          testStepFinished: {\n            testStepId: pickleStep.id,\n            testCaseStartedId,\n            testStepResult: {\n              status: Status.Passed,\n              duration: (0, messages_helpers_1.duration)(start, end)\n            },\n            timestamp: end\n          }\n        });\n        remainingSteps.shift();\n      }\n    });\n  }\n}",
              "err": {
                "message": "Error: \nStep implementation missing for \"click on the confirm box btn\".\n\nWe tried searching for files containing step definitions using the following search pattern templates:\n\n  - [filepath]/**/*.{js,ts}\n  - [filepath].{js,ts}\n  - cypress/e2e/step_definitions/*.{js,ts}\n  - [filepath]\\***.{js,ts}\n  - [filepath].{js,ts}\n  - cypress\\e2e\\step_definitions\\*.{js,ts}\n\nThese templates resolved to the following search patterns:\n\n  - webDriverUni_Alerts\\**\\*.{js,ts}\n  - webDriverUni_Alerts.{js,ts}\n  - cypress\\e2e\\step_definitions\\*.{js,ts}\n  - webDriverUni_Alerts\\***.{js,ts}\n  - webDriverUni_Alerts.{js,ts}\n  - cypress\\e2e\\step_definitions\\*.{js,ts}\n\nThese patterns matched the following files:\n\n  - cypress\\e2e\\step_definitions\\demoAutomation_DatePicker.js\n  - cypress\\e2e\\step_definitions\\webDriver_dcr.js\n  - cypress\\e2e\\step_definitions\\webDriverUni_Actions.js\n  - cypress\\e2e\\step_definitions\\webDriverUni_Alerts.js\n  - cypress\\e2e\\step_definitions\\webDriverUni_autoComplete.js\n  - cypress\\e2e\\step_definitions\\webDriverUni_buttons.js\n  - cypress\\e2e\\step_definitions\\webDriverUni_ContactUs.js\n  - cypress\\e2e\\step_definitions\\webDriverUni_DataTable.js\n  - cypress\\e2e\\step_definitions\\webDriverUni_DatePicker.js\n  - cypress\\e2e\\step_definitions\\webDriverUni_frame.js\n  - cypress\\e2e\\step_definitions\\webDriverUni_LoginPortal.js\n  - cypress\\e2e\\step_definitions\\demoAutomation_DatePicker.js\n  - cypress\\e2e\\step_definitions\\webDriver_dcr.js\n  - cypress\\e2e\\step_definitions\\webDriverUni_Actions.js\n  - cypress\\e2e\\step_definitions\\webDriverUni_Alerts.js\n  - cypress\\e2e\\step_definitions\\webDriverUni_autoComplete.js\n  - cypress\\e2e\\step_definitions\\webDriverUni_buttons.js\n  - cypress\\e2e\\step_definitions\\webDriverUni_ContactUs.js\n  - cypress\\e2e\\step_definitions\\webDriverUni_DataTable.js\n  - cypress\\e2e\\step_definitions\\webDriverUni_DatePicker.js\n  - cypress\\e2e\\step_definitions\\webDriverUni_frame.js\n  - cypress\\e2e\\step_definitions\\webDriverUni_LoginPortal.js\n\nHowever, none of these files contained a step definition matching \"click on the confirm box btn\".\n\nYou can implement it using the suggestion(s) below.\n\n  Given(\"click on the confirm box btn\", function () {\n    return \"pending\";\n  });\n  ",
                "estack": "Error: \nStep implementation missing for \"click on the confirm box btn\".\n\nWe tried searching for files containing step definitions using the following search pattern templates:\n\n  - [filepath]/**/*.{js,ts}\n  - [filepath].{js,ts}\n  - cypress/e2e/step_definitions/*.{js,ts}\n  - [filepath]\\***.{js,ts}\n  - [filepath].{js,ts}\n  - cypress\\e2e\\step_definitions\\*.{js,ts}\n\nThese templates resolved to the following search patterns:\n\n  - webDriverUni_Alerts\\**\\*.{js,ts}\n  - webDriverUni_Alerts.{js,ts}\n  - cypress\\e2e\\step_definitions\\*.{js,ts}\n  - webDriverUni_Alerts\\***.{js,ts}\n  - webDriverUni_Alerts.{js,ts}\n  - cypress\\e2e\\step_definitions\\*.{js,ts}\n\nThese patterns matched the following files:\n\n  - cypress\\e2e\\step_definitions\\demoAutomation_DatePicker.js\n  - cypress\\e2e\\step_definitions\\webDriver_dcr.js\n  - cypress\\e2e\\step_definitions\\webDriverUni_Actions.js\n  - cypress\\e2e\\step_definitions\\webDriverUni_Alerts.js\n  - cypress\\e2e\\step_definitions\\webDriverUni_autoComplete.js\n  - cypress\\e2e\\step_definitions\\webDriverUni_buttons.js\n  - cypress\\e2e\\step_definitions\\webDriverUni_ContactUs.js\n  - cypress\\e2e\\step_definitions\\webDriverUni_DataTable.js\n  - cypress\\e2e\\step_definitions\\webDriverUni_DatePicker.js\n  - cypress\\e2e\\step_definitions\\webDriverUni_frame.js\n  - cypress\\e2e\\step_definitions\\webDriverUni_LoginPortal.js\n  - cypress\\e2e\\step_definitions\\demoAutomation_DatePicker.js\n  - cypress\\e2e\\step_definitions\\webDriver_dcr.js\n  - cypress\\e2e\\step_definitions\\webDriverUni_Actions.js\n  - cypress\\e2e\\step_definitions\\webDriverUni_Alerts.js\n  - cypress\\e2e\\step_definitions\\webDriverUni_autoComplete.js\n  - cypress\\e2e\\step_definitions\\webDriverUni_buttons.js\n  - cypress\\e2e\\step_definitions\\webDriverUni_ContactUs.js\n  - cypress\\e2e\\step_definitions\\webDriverUni_DataTable.js\n  - cypress\\e2e\\step_definitions\\webDriverUni_DatePicker.js\n  - cypress\\e2e\\step_definitions\\webDriverUni_frame.js\n  - cypress\\e2e\\step_definitions\\webDriverUni_LoginPortal.js\n\nHowever, none of these files contained a step definition matching \"click on the confirm box btn\".\n\nYou can implement it using the suggestion(s) below.\n\n  Given(\"click on the confirm box btn\", function () {\n    return \"pending\";\n  });\n  \n    at Context.eval (http://webdriveruniversity.com/__cypress/tests?p=cypress\\e2e\\Features\\webDriverUni_Alerts.feature:9541:27)",
                "diff": null
              },
              "uuid": "cd840a05-6609-4308-a43b-df35d6b8bf18",
              "parentUUID": "7c849f7a-cd8b-4f71-a648-df3a56f705ef",
              "isHook": false,
              "skipped": false
            },
            {
              "title": "Handle javascript confirm box cancel",
              "fullTitle": "Propmt ans alerts handle Handle javascript confirm box cancel",
              "timedOut": null,
              "duration": 4583,
              "state": "failed",
              "speed": null,
              "pass": false,
              "fail": true,
              "pending": false,
              "context": "{\n  \"title\": \"cypress-mochawesome-reporter-screenshots\",\n  \"value\": [\n    [\n      {\n        \"title\": \"Failed screenshot\",\n        \"value\": \"\\\\webDriverUni_Alerts.feature\\\\Propmt ans alerts handle -- Handle javascript confirm box cancel (failed).png\"\n      }\n    ]\n  ]\n}",
              "code": "var _a2, _b, _c, _d, _e;\nconst { remainingSteps, testCaseStartedId } = retrieveInternalSpecProperties();\n(0, registry_1.assignRegistry)(registry2);\nmessages.stack.push({\n  testCaseStarted: {\n    id: testCaseStartedId,\n    testCaseId,\n    attempt: attempt++,\n    timestamp: (0, messages_helpers_1.createTimestamp)()\n  }\n});\nwindow.testState = {\n  gherkinDocument,\n  pickles,\n  pickle\n};\nfor (const step of steps) {\n  if (step.hook) {\n    const hook = step.hook;\n    cy.then(() => {\n      delete window.testState.pickleStep;\n      Cypress.log({\n        name: \"step\",\n        displayName: hook.keyword,\n        message: \"\"\n      });\n      const start = (0, messages_helpers_1.createTimestamp)();\n      messages.stack.push({\n        testStepStarted: {\n          testStepId: hook.id,\n          testCaseStartedId,\n          timestamp: start\n        }\n      });\n      if (messages.enabled) {\n        cy.task(constants_1.TASK_TEST_STEP_STARTED, hook.id, { log: false });\n      }\n      return cy.wrap(start, { log: false });\n    }).then((start) => {\n      registry2.runHook(this, hook);\n      return cy.wrap(start, { log: false });\n    }).then((start) => {\n      const end = (0, messages_helpers_1.createTimestamp)();\n      messages.stack.push({\n        testStepFinished: {\n          testStepId: hook.id,\n          testCaseStartedId,\n          testStepResult: {\n            status: Status.Passed,\n            duration: (0, messages_helpers_1.duration)(start, end)\n          },\n          timestamp: end\n        }\n      });\n      remainingSteps.shift();\n    });\n  } else if (step.pickleStep) {\n    const pickleStep = step.pickleStep;\n    const text = (0, assertions_1.assertAndReturn)(pickleStep.text, \"Expected pickle step to have a text\");\n    const scenarioStep = (0, assertions_1.assertAndReturn)(astIdMap.get((0, assertions_1.assertAndReturn)((_a2 = pickleStep.astNodeIds) === null || _a2 === void 0 ? void 0 : _a2[0], \"Expected to find at least one astNodeId\")), `Expected to find scenario step associated with id = ${(_b = pickleStep.astNodeIds) === null || _b === void 0 ? void 0 : _b[0]}`);\n    cy.then(() => {\n      window.testState.pickleStep = step.pickleStep;\n      Cypress.log({\n        name: \"step\",\n        displayName: (0, assertions_1.assertAndReturn)(\"keyword\" in scenarioStep && scenarioStep.keyword, \"Expected to find a keyword in the scenario step\"),\n        message: text\n      });\n    });\n    const argument = ((_c = pickleStep.argument) === null || _c === void 0 ? void 0 : _c.dataTable) ? new data_table_1.default(pickleStep.argument.dataTable) : ((_e = (_d = pickleStep.argument) === null || _d === void 0 ? void 0 : _d.docString) === null || _e === void 0 ? void 0 : _e.content) ? pickleStep.argument.docString.content : void 0;\n    cy.then(() => {\n      internalProperties.currentStep = { pickleStep };\n      const start = (0, messages_helpers_1.createTimestamp)();\n      messages.stack.push({\n        testStepStarted: {\n          testStepId: pickleStep.id,\n          testCaseStartedId,\n          timestamp: start\n        }\n      });\n      if (messages.enabled) {\n        cy.task(constants_1.TASK_TEST_STEP_STARTED, pickleStep.id, { log: false });\n      }\n      return cy.wrap(start, { log: false });\n    }).then((start) => {\n      const ensureChain = (value) => Cypress.isCy(value) ? value : cy.wrap(value, { log: false });\n      try {\n        return ensureChain(registry2.runStepDefininition(this, text, argument)).then((result) => {\n          return {\n            start,\n            result\n          };\n        });\n      } catch (e) {\n        if (e instanceof registry_1.MissingDefinitionError) {\n          throw new Error(createMissingStepDefinitionMessage(context, pickleStep, context.registry.parameterTypeRegistry));\n        } else {\n          throw e;\n        }\n      }\n    }).then(({ start, result }) => {\n      var _a3, _b2, _c2;\n      const end = (0, messages_helpers_1.createTimestamp)();\n      if (result === \"pending\") {\n        messages.stack.push({\n          testStepFinished: {\n            testStepId: pickleStep.id,\n            testCaseStartedId,\n            testStepResult: {\n              status: Status.Pending,\n              duration: (0, messages_helpers_1.duration)(start, end)\n            },\n            timestamp: end\n          }\n        });\n        remainingSteps.shift();\n        for (const skippedStep of remainingSteps) {\n          const testStepId = (0, assertions_1.assertAndReturn)((_b2 = (_a3 = skippedStep.hook) === null || _a3 === void 0 ? void 0 : _a3.id) !== null && _b2 !== void 0 ? _b2 : (_c2 = skippedStep.pickleStep) === null || _c2 === void 0 ? void 0 : _c2.id, \"Expected a step to either be a hook or a pickleStep\");\n          messages.stack.push({\n            testStepStarted: {\n              testStepId,\n              testCaseStartedId,\n              timestamp: (0, messages_helpers_1.createTimestamp)()\n            }\n          });\n          messages.stack.push({\n            testStepFinished: {\n              testStepId,\n              testCaseStartedId,\n              testStepResult: {\n                status: Status.Skipped,\n                duration: {\n                  seconds: 0,\n                  nanos: 0\n                }\n              },\n              timestamp: (0, messages_helpers_1.createTimestamp)()\n            }\n          });\n        }\n        for (let i = 0, count = remainingSteps.length; i < count; i++) {\n          remainingSteps.pop();\n        }\n        this.skip();\n      } else {\n        messages.stack.push({\n          testStepFinished: {\n            testStepId: pickleStep.id,\n            testCaseStartedId,\n            testStepResult: {\n              status: Status.Passed,\n              duration: (0, messages_helpers_1.duration)(start, end)\n            },\n            timestamp: end\n          }\n        });\n        remainingSteps.shift();\n      }\n    });\n  }\n}",
              "err": {
                "message": "Error: \nStep implementation missing for \"click on the confirm box btn and confirm cancel\".\n\nWe tried searching for files containing step definitions using the following search pattern templates:\n\n  - [filepath]/**/*.{js,ts}\n  - [filepath].{js,ts}\n  - cypress/e2e/step_definitions/*.{js,ts}\n  - [filepath]\\***.{js,ts}\n  - [filepath].{js,ts}\n  - cypress\\e2e\\step_definitions\\*.{js,ts}\n\nThese templates resolved to the following search patterns:\n\n  - webDriverUni_Alerts\\**\\*.{js,ts}\n  - webDriverUni_Alerts.{js,ts}\n  - cypress\\e2e\\step_definitions\\*.{js,ts}\n  - webDriverUni_Alerts\\***.{js,ts}\n  - webDriverUni_Alerts.{js,ts}\n  - cypress\\e2e\\step_definitions\\*.{js,ts}\n\nThese patterns matched the following files:\n\n  - cypress\\e2e\\step_definitions\\demoAutomation_DatePicker.js\n  - cypress\\e2e\\step_definitions\\webDriver_dcr.js\n  - cypress\\e2e\\step_definitions\\webDriverUni_Actions.js\n  - cypress\\e2e\\step_definitions\\webDriverUni_Alerts.js\n  - cypress\\e2e\\step_definitions\\webDriverUni_autoComplete.js\n  - cypress\\e2e\\step_definitions\\webDriverUni_buttons.js\n  - cypress\\e2e\\step_definitions\\webDriverUni_ContactUs.js\n  - cypress\\e2e\\step_definitions\\webDriverUni_DataTable.js\n  - cypress\\e2e\\step_definitions\\webDriverUni_DatePicker.js\n  - cypress\\e2e\\step_definitions\\webDriverUni_frame.js\n  - cypress\\e2e\\step_definitions\\webDriverUni_LoginPortal.js\n  - cypress\\e2e\\step_definitions\\demoAutomation_DatePicker.js\n  - cypress\\e2e\\step_definitions\\webDriver_dcr.js\n  - cypress\\e2e\\step_definitions\\webDriverUni_Actions.js\n  - cypress\\e2e\\step_definitions\\webDriverUni_Alerts.js\n  - cypress\\e2e\\step_definitions\\webDriverUni_autoComplete.js\n  - cypress\\e2e\\step_definitions\\webDriverUni_buttons.js\n  - cypress\\e2e\\step_definitions\\webDriverUni_ContactUs.js\n  - cypress\\e2e\\step_definitions\\webDriverUni_DataTable.js\n  - cypress\\e2e\\step_definitions\\webDriverUni_DatePicker.js\n  - cypress\\e2e\\step_definitions\\webDriverUni_frame.js\n  - cypress\\e2e\\step_definitions\\webDriverUni_LoginPortal.js\n\nHowever, none of these files contained a step definition matching \"click on the confirm box btn and confirm cancel\".\n\nYou can implement it using the suggestion(s) below.\n\n  Given(\"click on the confirm box btn and confirm cancel\", function () {\n    return \"pending\";\n  });\n  ",
                "estack": "Error: \nStep implementation missing for \"click on the confirm box btn and confirm cancel\".\n\nWe tried searching for files containing step definitions using the following search pattern templates:\n\n  - [filepath]/**/*.{js,ts}\n  - [filepath].{js,ts}\n  - cypress/e2e/step_definitions/*.{js,ts}\n  - [filepath]\\***.{js,ts}\n  - [filepath].{js,ts}\n  - cypress\\e2e\\step_definitions\\*.{js,ts}\n\nThese templates resolved to the following search patterns:\n\n  - webDriverUni_Alerts\\**\\*.{js,ts}\n  - webDriverUni_Alerts.{js,ts}\n  - cypress\\e2e\\step_definitions\\*.{js,ts}\n  - webDriverUni_Alerts\\***.{js,ts}\n  - webDriverUni_Alerts.{js,ts}\n  - cypress\\e2e\\step_definitions\\*.{js,ts}\n\nThese patterns matched the following files:\n\n  - cypress\\e2e\\step_definitions\\demoAutomation_DatePicker.js\n  - cypress\\e2e\\step_definitions\\webDriver_dcr.js\n  - cypress\\e2e\\step_definitions\\webDriverUni_Actions.js\n  - cypress\\e2e\\step_definitions\\webDriverUni_Alerts.js\n  - cypress\\e2e\\step_definitions\\webDriverUni_autoComplete.js\n  - cypress\\e2e\\step_definitions\\webDriverUni_buttons.js\n  - cypress\\e2e\\step_definitions\\webDriverUni_ContactUs.js\n  - cypress\\e2e\\step_definitions\\webDriverUni_DataTable.js\n  - cypress\\e2e\\step_definitions\\webDriverUni_DatePicker.js\n  - cypress\\e2e\\step_definitions\\webDriverUni_frame.js\n  - cypress\\e2e\\step_definitions\\webDriverUni_LoginPortal.js\n  - cypress\\e2e\\step_definitions\\demoAutomation_DatePicker.js\n  - cypress\\e2e\\step_definitions\\webDriver_dcr.js\n  - cypress\\e2e\\step_definitions\\webDriverUni_Actions.js\n  - cypress\\e2e\\step_definitions\\webDriverUni_Alerts.js\n  - cypress\\e2e\\step_definitions\\webDriverUni_autoComplete.js\n  - cypress\\e2e\\step_definitions\\webDriverUni_buttons.js\n  - cypress\\e2e\\step_definitions\\webDriverUni_ContactUs.js\n  - cypress\\e2e\\step_definitions\\webDriverUni_DataTable.js\n  - cypress\\e2e\\step_definitions\\webDriverUni_DatePicker.js\n  - cypress\\e2e\\step_definitions\\webDriverUni_frame.js\n  - cypress\\e2e\\step_definitions\\webDriverUni_LoginPortal.js\n\nHowever, none of these files contained a step definition matching \"click on the confirm box btn and confirm cancel\".\n\nYou can implement it using the suggestion(s) below.\n\n  Given(\"click on the confirm box btn and confirm cancel\", function () {\n    return \"pending\";\n  });\n  \n    at Context.eval (http://webdriveruniversity.com/__cypress/tests?p=cypress\\e2e\\Features\\webDriverUni_Alerts.feature:9541:27)",
                "diff": null
              },
              "uuid": "0b24a9e0-dcc2-4ef6-a05e-ace210e106e4",
              "parentUUID": "7c849f7a-cd8b-4f71-a648-df3a56f705ef",
              "isHook": false,
              "skipped": false
            }
          ],
          "suites": [],
          "passes": [
            "3e1e1332-8973-422b-b17b-281f5d141abf",
            "89584acd-d52f-472d-94cc-d43fb96c565d",
            "8a7a7040-e2d0-453a-8b50-8dbc66baf4dd"
          ],
          "failures": [
            "cd840a05-6609-4308-a43b-df35d6b8bf18",
            "0b24a9e0-dcc2-4ef6-a05e-ace210e106e4"
          ],
          "pending": [],
          "skipped": [],
          "duration": 21939,
          "root": false,
          "rootEmpty": false,
          "_timeout": 2000
        }
      ],
      "passes": [],
      "failures": [],
      "pending": [],
      "skipped": [],
      "duration": 0,
      "root": true,
      "rootEmpty": true,
      "_timeout": 2000
    }
  ],
  "meta": {
    "mocha": {
      "version": "7.0.1"
    },
    "mochawesome": {
      "options": {
        "quiet": false,
        "reportFilename": "mochawesome",
        "saveHtml": false,
        "saveJson": true,
        "consoleReporter": "spec",
        "useInlineDiffs": false,
        "code": true
      },
      "version": "7.1.3"
    },
    "marge": {
      "options": {
        "overwrite": false,
        "html": false,
        "json": true,
        "reportDir": "cypress\\reports\\html\\.jsons"
      },
      "version": "6.2.0"
    }
  }
}